{"/home/eric/Documents/DEV PROJECTS/vending-machine/server/app.js": {"path":"/home/eric/Documents/DEV PROJECTS/vending-machine/server/app.js","statementMap":{"0":{"start":{"line":1,"column":20},"end":{"line":1,"column":42}},"1":{"start":{"line":2,"column":16},"end":{"line":2,"column":34}},"2":{"start":{"line":3,"column":17},"end":{"line":3,"column":32}},"3":{"start":{"line":4,"column":15},"end":{"line":4,"column":32}},"4":{"start":{"line":5,"column":12},"end":{"line":5,"column":35}},"5":{"start":{"line":6,"column":16},"end":{"line":6,"column":42}},"6":{"start":{"line":7,"column":23},"end":{"line":7,"column":74}},"7":{"start":{"line":8,"column":11},"end":{"line":8,"column":26}},"8":{"start":{"line":9,"column":17},"end":{"line":9,"column":39}},"9":{"start":{"line":10,"column":21},"end":{"line":10,"column":44}},"10":{"start":{"line":13,"column":21},"end":{"line":13,"column":47}},"11":{"start":{"line":15,"column":29},"end":{"line":15,"column":36}},"12":{"start":{"line":17,"column":21},"end":{"line":17,"column":45}},"13":{"start":{"line":19,"column":12},"end":{"line":19,"column":21}},"14":{"start":{"line":21,"column":0},"end":{"line":21,"column":24}},"15":{"start":{"line":22,"column":0},"end":{"line":22,"column":23}},"16":{"start":{"line":23,"column":0},"end":{"line":23,"column":16}},"17":{"start":{"line":24,"column":0},"end":{"line":24,"column":41}},"18":{"start":{"line":25,"column":0},"end":{"line":25,"column":51}},"19":{"start":{"line":28,"column":0},"end":{"line":45,"column":3}},"20":{"start":{"line":29,"column":25},"end":{"line":38,"column":3}},"21":{"start":{"line":40,"column":2},"end":{"line":42,"column":3}},"22":{"start":{"line":41,"column":4},"end":{"line":41,"column":55}},"23":{"start":{"line":44,"column":2},"end":{"line":44,"column":9}},"24":{"start":{"line":48,"column":0},"end":{"line":66,"column":3}},"25":{"start":{"line":49,"column":16},"end":{"line":49,"column":33}},"26":{"start":{"line":51,"column":2},"end":{"line":65,"column":3}},"27":{"start":{"line":52,"column":4},"end":{"line":62,"column":7}},"28":{"start":{"line":53,"column":6},"end":{"line":55,"column":7}},"29":{"start":{"line":54,"column":8},"end":{"line":54,"column":22}},"30":{"start":{"line":56,"column":6},"end":{"line":61,"column":9}},"31":{"start":{"line":59,"column":8},"end":{"line":59,"column":24}},"32":{"start":{"line":60,"column":8},"end":{"line":60,"column":22}},"33":{"start":{"line":64,"column":4},"end":{"line":64,"column":18}},"34":{"start":{"line":70,"column":0},"end":{"line":70,"column":43}},"35":{"start":{"line":71,"column":0},"end":{"line":71,"column":51}},"36":{"start":{"line":74,"column":0},"end":{"line":76,"column":3}},"37":{"start":{"line":75,"column":2},"end":{"line":75,"column":22}},"38":{"start":{"line":79,"column":0},"end":{"line":88,"column":3}},"39":{"start":{"line":82,"column":2},"end":{"line":82,"column":35}},"40":{"start":{"line":83,"column":2},"end":{"line":83,"column":69}},"41":{"start":{"line":86,"column":2},"end":{"line":86,"column":32}},"42":{"start":{"line":87,"column":2},"end":{"line":87,"column":27}},"43":{"start":{"line":90,"column":0},"end":{"line":90,"column":39}}},"fnMap":{"0":{"name":"(anonymous_0)","decl":{"start":{"line":28,"column":8},"end":{"line":28,"column":9}},"loc":{"start":{"line":28,"column":28},"end":{"line":45,"column":1}},"line":28},"1":{"name":"(anonymous_1)","decl":{"start":{"line":48,"column":8},"end":{"line":48,"column":9}},"loc":{"start":{"line":48,"column":34},"end":{"line":66,"column":1}},"line":48},"2":{"name":"(anonymous_2)","decl":{"start":{"line":52,"column":50},"end":{"line":52,"column":51}},"loc":{"start":{"line":52,"column":73},"end":{"line":62,"column":5}},"line":52},"3":{"name":"(anonymous_3)","decl":{"start":{"line":58,"column":14},"end":{"line":58,"column":15}},"loc":{"start":{"line":58,"column":24},"end":{"line":61,"column":7}},"line":58},"4":{"name":"(anonymous_4)","decl":{"start":{"line":74,"column":8},"end":{"line":74,"column":9}},"loc":{"start":{"line":74,"column":34},"end":{"line":76,"column":1}},"line":74},"5":{"name":"(anonymous_5)","decl":{"start":{"line":79,"column":8},"end":{"line":79,"column":9}},"loc":{"start":{"line":79,"column":39},"end":{"line":88,"column":1}},"line":79}},"branchMap":{"0":{"loc":{"start":{"line":40,"column":2},"end":{"line":42,"column":3}},"type":"if","locations":[{"start":{"line":40,"column":2},"end":{"line":42,"column":3}},{"start":{"line":40,"column":2},"end":{"line":42,"column":3}}],"line":40},"1":{"loc":{"start":{"line":51,"column":2},"end":{"line":65,"column":3}},"type":"if","locations":[{"start":{"line":51,"column":2},"end":{"line":65,"column":3}},{"start":{"line":51,"column":2},"end":{"line":65,"column":3}}],"line":51},"2":{"loc":{"start":{"line":53,"column":6},"end":{"line":55,"column":7}},"type":"if","locations":[{"start":{"line":53,"column":6},"end":{"line":55,"column":7}},{"start":{"line":53,"column":6},"end":{"line":55,"column":7}}],"line":53},"3":{"loc":{"start":{"line":83,"column":21},"end":{"line":83,"column":68}},"type":"cond-expr","locations":[{"start":{"line":83,"column":60},"end":{"line":83,"column":63}},{"start":{"line":83,"column":66},"end":{"line":83,"column":68}}],"line":83},"4":{"loc":{"start":{"line":86,"column":13},"end":{"line":86,"column":30}},"type":"binary-expr","locations":[{"start":{"line":86,"column":13},"end":{"line":86,"column":23}},{"start":{"line":86,"column":27},"end":{"line":86,"column":30}}],"line":86}},"s":{"0":4,"1":4,"2":4,"3":4,"4":4,"5":4,"6":4,"7":4,"8":4,"9":4,"10":4,"11":4,"12":4,"13":4,"14":4,"15":4,"16":4,"17":4,"18":4,"19":4,"20":10,"21":10,"22":0,"23":10,"24":4,"25":10,"26":10,"27":4,"28":4,"29":0,"30":4,"31":4,"32":4,"33":6,"34":4,"35":4,"36":4,"37":0,"38":4,"39":1,"40":1,"41":1,"42":1,"43":4},"f":{"0":10,"1":10,"2":4,"3":4,"4":0,"5":1},"b":{"0":[0,10],"1":[4,6],"2":[0,4],"3":[0,1],"4":[1,0]},"_coverageSchema":"1a1c01bbd47fc00a2c39e90264f33305004495a9","hash":"f9bf85c51efd1a7c86d57f505c5ec3555d716786"}
,"/home/eric/Documents/DEV PROJECTS/vending-machine/server/authHelper.js": {"path":"/home/eric/Documents/DEV PROJECTS/vending-machine/server/authHelper.js","statementMap":{"0":{"start":{"line":1,"column":17},"end":{"line":1,"column":39}},"1":{"start":{"line":4,"column":2},"end":{"line":7,"column":3}},"2":{"start":{"line":5,"column":4},"end":{"line":5,"column":20}},"3":{"start":{"line":6,"column":4},"end":{"line":6,"column":43}},"4":{"start":{"line":9,"column":2},"end":{"line":9,"column":9}},"5":{"start":{"line":13,"column":2},"end":{"line":20,"column":4}},"6":{"start":{"line":14,"column":4},"end":{"line":17,"column":5}},"7":{"start":{"line":15,"column":6},"end":{"line":15,"column":22}},"8":{"start":{"line":16,"column":6},"end":{"line":16,"column":37}},"9":{"start":{"line":19,"column":4},"end":{"line":19,"column":11}},"10":{"start":{"line":23,"column":0},"end":{"line":26,"column":2}}},"fnMap":{"0":{"name":"authUser","decl":{"start":{"line":3,"column":9},"end":{"line":3,"column":17}},"loc":{"start":{"line":3,"column":34},"end":{"line":10,"column":1}},"line":3},"1":{"name":"authRole","decl":{"start":{"line":12,"column":9},"end":{"line":12,"column":17}},"loc":{"start":{"line":12,"column":24},"end":{"line":21,"column":1}},"line":12},"2":{"name":"(anonymous_2)","decl":{"start":{"line":13,"column":9},"end":{"line":13,"column":10}},"loc":{"start":{"line":13,"column":29},"end":{"line":20,"column":3}},"line":13}},"branchMap":{"0":{"loc":{"start":{"line":4,"column":2},"end":{"line":7,"column":3}},"type":"if","locations":[{"start":{"line":4,"column":2},"end":{"line":7,"column":3}},{"start":{"line":4,"column":2},"end":{"line":7,"column":3}}],"line":4},"1":{"loc":{"start":{"line":14,"column":4},"end":{"line":17,"column":5}},"type":"if","locations":[{"start":{"line":14,"column":4},"end":{"line":17,"column":5}},{"start":{"line":14,"column":4},"end":{"line":17,"column":5}}],"line":14}},"s":{"0":4,"1":7,"2":3,"3":3,"4":4,"5":28,"6":0,"7":0,"8":0,"9":0,"10":4},"f":{"0":7,"1":28,"2":0},"b":{"0":[3,4],"1":[0,0]},"_coverageSchema":"1a1c01bbd47fc00a2c39e90264f33305004495a9","hash":"2c0295880499347d9cc8be83c87d8fdc85dbff64"}
,"/home/eric/Documents/DEV PROJECTS/vending-machine/server/db/db.js": {"path":"/home/eric/Documents/DEV PROJECTS/vending-machine/server/db/db.js","statementMap":{"0":{"start":{"line":1,"column":0},"end":{"line":1,"column":27}},"1":{"start":{"line":3,"column":18},"end":{"line":3,"column":38}},"2":{"start":{"line":5,"column":11},"end":{"line":10,"column":1}},"3":{"start":{"line":12,"column":0},"end":{"line":12,"column":20}}},"fnMap":{},"branchMap":{"0":{"loc":{"start":{"line":6,"column":2},"end":{"line":6,"column":73}},"type":"binary-expr","locations":[{"start":{"line":6,"column":2},"end":{"line":6,"column":26}},{"start":{"line":6,"column":30},"end":{"line":6,"column":73}}],"line":6}},"s":{"0":4,"1":4,"2":4,"3":4},"f":{},"b":{"0":[4,0]},"_coverageSchema":"1a1c01bbd47fc00a2c39e90264f33305004495a9","hash":"f8f6c0a218cb7f08cf540d572c56a2679899f391"}
,"/home/eric/Documents/DEV PROJECTS/vending-machine/server/db/index.js": {"path":"/home/eric/Documents/DEV PROJECTS/vending-machine/server/db/index.js","statementMap":{"0":{"start":{"line":1,"column":11},"end":{"line":1,"column":26}},"1":{"start":{"line":3,"column":0},"end":{"line":3,"column":20}},"2":{"start":{"line":5,"column":0},"end":{"line":5,"column":20}}},"fnMap":{},"branchMap":{},"s":{"0":4,"1":4,"2":4},"f":{},"b":{},"_coverageSchema":"1a1c01bbd47fc00a2c39e90264f33305004495a9","hash":"493c08aab2bd7807431508d173eaad89da240f79"}
,"/home/eric/Documents/DEV PROJECTS/vending-machine/server/db/models/index.js": {"path":"/home/eric/Documents/DEV PROJECTS/vending-machine/server/db/models/index.js","statementMap":{"0":{"start":{"line":1,"column":16},"end":{"line":1,"column":36}},"1":{"start":{"line":2,"column":13},"end":{"line":2,"column":30}},"2":{"start":{"line":3,"column":13},"end":{"line":3,"column":30}},"3":{"start":{"line":6,"column":0},"end":{"line":6,"column":22}},"4":{"start":{"line":7,"column":0},"end":{"line":7,"column":42}},"5":{"start":{"line":9,"column":0},"end":{"line":13,"column":2}}},"fnMap":{},"branchMap":{},"s":{"0":4,"1":4,"2":4,"3":4,"4":4,"5":4},"f":{},"b":{},"_coverageSchema":"1a1c01bbd47fc00a2c39e90264f33305004495a9","hash":"17a95a80a4442c194052f774a4d0c1828768dc90"}
,"/home/eric/Documents/DEV PROJECTS/vending-machine/server/db/models/product.js": {"path":"/home/eric/Documents/DEV PROJECTS/vending-machine/server/db/models/product.js","statementMap":{"0":{"start":{"line":1,"column":18},"end":{"line":1,"column":38}},"1":{"start":{"line":2,"column":11},"end":{"line":2,"column":27}},"2":{"start":{"line":3,"column":15},"end":{"line":3,"column":35}},"3":{"start":{"line":5,"column":16},"end":{"line":25,"column":2}},"4":{"start":{"line":22,"column":6},"end":{"line":22,"column":50}},"5":{"start":{"line":27,"column":0},"end":{"line":37,"column":2}},"6":{"start":{"line":28,"column":19},"end":{"line":34,"column":4}},"7":{"start":{"line":36,"column":2},"end":{"line":36,"column":18}},"8":{"start":{"line":39,"column":0},"end":{"line":45,"column":2}},"9":{"start":{"line":40,"column":2},"end":{"line":44,"column":5}},"10":{"start":{"line":47,"column":0},"end":{"line":51,"column":2}},"11":{"start":{"line":48,"column":2},"end":{"line":50,"column":3}},"12":{"start":{"line":48,"column":15},"end":{"line":48,"column":16}},"13":{"start":{"line":49,"column":4},"end":{"line":49,"column":51}},"14":{"start":{"line":53,"column":0},"end":{"line":53,"column":25}}},"fnMap":{"0":{"name":"(anonymous_0)","decl":{"start":{"line":21,"column":4},"end":{"line":21,"column":5}},"loc":{"start":{"line":21,"column":15},"end":{"line":23,"column":5}},"line":21},"1":{"name":"(anonymous_1)","decl":{"start":{"line":27,"column":31},"end":{"line":27,"column":32}},"loc":{"start":{"line":27,"column":57},"end":{"line":37,"column":1}},"line":27},"2":{"name":"(anonymous_2)","decl":{"start":{"line":39,"column":35},"end":{"line":39,"column":36}},"loc":{"start":{"line":39,"column":54},"end":{"line":45,"column":1}},"line":39},"3":{"name":"(anonymous_3)","decl":{"start":{"line":47,"column":38},"end":{"line":47,"column":39}},"loc":{"start":{"line":47,"column":59},"end":{"line":51,"column":1}},"line":47}},"branchMap":{},"s":{"0":4,"1":4,"2":4,"3":4,"4":0,"5":4,"6":0,"7":0,"8":4,"9":0,"10":4,"11":0,"12":0,"13":0,"14":4},"f":{"0":0,"1":0,"2":0,"3":0},"b":{},"_coverageSchema":"1a1c01bbd47fc00a2c39e90264f33305004495a9","hash":"09f79c3f54e11cb0359fbae2f1a8821053055461"}
,"/home/eric/Documents/DEV PROJECTS/vending-machine/server/db/models/role.js": {"path":"/home/eric/Documents/DEV PROJECTS/vending-machine/server/db/models/role.js","statementMap":{"0":{"start":{"line":1,"column":18},"end":{"line":1,"column":38}},"1":{"start":{"line":2,"column":11},"end":{"line":2,"column":27}},"2":{"start":{"line":3,"column":15},"end":{"line":3,"column":35}},"3":{"start":{"line":5,"column":13},"end":{"line":11,"column":2}},"4":{"start":{"line":13,"column":0},"end":{"line":23,"column":2}},"5":{"start":{"line":14,"column":15},"end":{"line":20,"column":4}},"6":{"start":{"line":22,"column":2},"end":{"line":22,"column":19}},"7":{"start":{"line":25,"column":0},"end":{"line":25,"column":49}},"8":{"start":{"line":25,"column":28},"end":{"line":25,"column":48}},"9":{"start":{"line":27,"column":0},"end":{"line":27,"column":22}}},"fnMap":{"0":{"name":"(anonymous_0)","decl":{"start":{"line":13,"column":19},"end":{"line":13,"column":20}},"loc":{"start":{"line":13,"column":37},"end":{"line":23,"column":1}},"line":13},"1":{"name":"(anonymous_1)","decl":{"start":{"line":25,"column":16},"end":{"line":25,"column":17}},"loc":{"start":{"line":25,"column":28},"end":{"line":25,"column":48}},"line":25}},"branchMap":{},"s":{"0":4,"1":4,"2":4,"3":4,"4":4,"5":0,"6":0,"7":4,"8":0,"9":4},"f":{"0":0,"1":0},"b":{},"_coverageSchema":"1a1c01bbd47fc00a2c39e90264f33305004495a9","hash":"3cf04bcc7095a78274548615e5ca5814ad7ec34c"}
,"/home/eric/Documents/DEV PROJECTS/vending-machine/server/db/models/user.js": {"path":"/home/eric/Documents/DEV PROJECTS/vending-machine/server/db/models/user.js","statementMap":{"0":{"start":{"line":1,"column":18},"end":{"line":1,"column":38}},"1":{"start":{"line":2,"column":11},"end":{"line":2,"column":27}},"2":{"start":{"line":3,"column":15},"end":{"line":3,"column":32}},"3":{"start":{"line":5,"column":13},"end":{"line":42,"column":2}},"4":{"start":{"line":18,"column":6},"end":{"line":18,"column":49}},"5":{"start":{"line":18,"column":19},"end":{"line":18,"column":48}},"6":{"start":{"line":25,"column":6},"end":{"line":25,"column":42}},"7":{"start":{"line":39,"column":6},"end":{"line":39,"column":45}},"8":{"start":{"line":39,"column":19},"end":{"line":39,"column":44}},"9":{"start":{"line":44,"column":0},"end":{"line":46,"column":2}},"10":{"start":{"line":45,"column":2},"end":{"line":45,"column":73}},"11":{"start":{"line":48,"column":0},"end":{"line":54,"column":2}},"12":{"start":{"line":49,"column":2},"end":{"line":53,"column":9}},"13":{"start":{"line":50,"column":4},"end":{"line":50,"column":71}},"14":{"start":{"line":51,"column":4},"end":{"line":51,"column":61}},"15":{"start":{"line":52,"column":4},"end":{"line":52,"column":29}},"16":{"start":{"line":56,"column":0},"end":{"line":58,"column":2}},"17":{"start":{"line":57,"column":2},"end":{"line":57,"column":51}},"18":{"start":{"line":60,"column":0},"end":{"line":66,"column":2}},"19":{"start":{"line":61,"column":2},"end":{"line":65,"column":19}},"20":{"start":{"line":68,"column":27},"end":{"line":73,"column":1}},"21":{"start":{"line":69,"column":2},"end":{"line":72,"column":3}},"22":{"start":{"line":70,"column":4},"end":{"line":70,"column":34}},"23":{"start":{"line":71,"column":4},"end":{"line":71,"column":71}},"24":{"start":{"line":75,"column":0},"end":{"line":75,"column":38}},"25":{"start":{"line":76,"column":0},"end":{"line":76,"column":38}},"26":{"start":{"line":77,"column":0},"end":{"line":79,"column":3}},"27":{"start":{"line":78,"column":2},"end":{"line":78,"column":36}},"28":{"start":{"line":81,"column":0},"end":{"line":81,"column":22}}},"fnMap":{"0":{"name":"(anonymous_0)","decl":{"start":{"line":17,"column":4},"end":{"line":17,"column":5}},"loc":{"start":{"line":17,"column":10},"end":{"line":19,"column":5}},"line":17},"1":{"name":"(anonymous_1)","decl":{"start":{"line":18,"column":13},"end":{"line":18,"column":14}},"loc":{"start":{"line":18,"column":19},"end":{"line":18,"column":48}},"line":18},"2":{"name":"(anonymous_2)","decl":{"start":{"line":24,"column":4},"end":{"line":24,"column":5}},"loc":{"start":{"line":24,"column":15},"end":{"line":26,"column":5}},"line":24},"3":{"name":"(anonymous_3)","decl":{"start":{"line":38,"column":4},"end":{"line":38,"column":5}},"loc":{"start":{"line":38,"column":10},"end":{"line":40,"column":5}},"line":38},"4":{"name":"(anonymous_4)","decl":{"start":{"line":39,"column":13},"end":{"line":39,"column":14}},"loc":{"start":{"line":39,"column":19},"end":{"line":39,"column":44}},"line":39},"5":{"name":"(anonymous_5)","decl":{"start":{"line":44,"column":33},"end":{"line":44,"column":34}},"loc":{"start":{"line":44,"column":53},"end":{"line":46,"column":1}},"line":44},"6":{"name":"(anonymous_6)","decl":{"start":{"line":48,"column":31},"end":{"line":48,"column":32}},"loc":{"start":{"line":48,"column":63},"end":{"line":54,"column":1}},"line":48},"7":{"name":"(anonymous_7)","decl":{"start":{"line":49,"column":30},"end":{"line":49,"column":31}},"loc":{"start":{"line":49,"column":67},"end":{"line":53,"column":3}},"line":49},"8":{"name":"(anonymous_8)","decl":{"start":{"line":56,"column":18},"end":{"line":56,"column":19}},"loc":{"start":{"line":56,"column":30},"end":{"line":58,"column":1}},"line":56},"9":{"name":"(anonymous_9)","decl":{"start":{"line":60,"column":23},"end":{"line":60,"column":24}},"loc":{"start":{"line":60,"column":54},"end":{"line":66,"column":1}},"line":60},"10":{"name":"(anonymous_10)","decl":{"start":{"line":68,"column":27},"end":{"line":68,"column":28}},"loc":{"start":{"line":68,"column":37},"end":{"line":73,"column":1}},"line":68},"11":{"name":"(anonymous_11)","decl":{"start":{"line":77,"column":22},"end":{"line":77,"column":23}},"loc":{"start":{"line":77,"column":33},"end":{"line":79,"column":1}},"line":77}},"branchMap":{"0":{"loc":{"start":{"line":69,"column":2},"end":{"line":72,"column":3}},"type":"if","locations":[{"start":{"line":69,"column":2},"end":{"line":72,"column":3}},{"start":{"line":69,"column":2},"end":{"line":72,"column":3}}],"line":69}},"s":{"0":4,"1":4,"2":4,"3":4,"4":3,"5":3,"6":0,"7":3,"8":3,"9":4,"10":2,"11":4,"12":0,"13":0,"14":0,"15":0,"16":4,"17":1,"18":4,"19":3,"20":4,"21":1,"22":1,"23":1,"24":4,"25":4,"26":4,"27":0,"28":4},"f":{"0":3,"1":3,"2":0,"3":3,"4":3,"5":2,"6":0,"7":0,"8":1,"9":3,"10":1,"11":0},"b":{"0":[1,0]},"_coverageSchema":"1a1c01bbd47fc00a2c39e90264f33305004495a9","hash":"da12a5279a210b4804d4b7b8b9b93930173be8e9"}
,"/home/eric/Documents/DEV PROJECTS/vending-machine/server/routes/api/index.js": {"path":"/home/eric/Documents/DEV PROJECTS/vending-machine/server/routes/api/index.js","statementMap":{"0":{"start":{"line":1,"column":15},"end":{"line":1,"column":42}},"1":{"start":{"line":3,"column":0},"end":{"line":3,"column":41}},"2":{"start":{"line":4,"column":0},"end":{"line":4,"column":47}},"3":{"start":{"line":5,"column":0},"end":{"line":5,"column":41}},"4":{"start":{"line":7,"column":0},"end":{"line":9,"column":3}},"5":{"start":{"line":8,"column":2},"end":{"line":8,"column":9}},"6":{"start":{"line":11,"column":0},"end":{"line":11,"column":24}}},"fnMap":{"0":{"name":"(anonymous_0)","decl":{"start":{"line":7,"column":11},"end":{"line":7,"column":12}},"loc":{"start":{"line":7,"column":31},"end":{"line":9,"column":1}},"line":7}},"branchMap":{},"s":{"0":4,"1":4,"2":4,"3":4,"4":4,"5":0,"6":4},"f":{"0":0},"b":{},"_coverageSchema":"1a1c01bbd47fc00a2c39e90264f33305004495a9","hash":"c6e1d4ab14dfe01110f8da5729522251ae4da34d"}
,"/home/eric/Documents/DEV PROJECTS/vending-machine/server/routes/api/products.js": {"path":"/home/eric/Documents/DEV PROJECTS/vending-machine/server/routes/api/products.js","statementMap":{"0":{"start":{"line":1,"column":15},"end":{"line":1,"column":42}},"1":{"start":{"line":2,"column":26},"end":{"line":2,"column":52}},"2":{"start":{"line":3,"column":21},"end":{"line":3,"column":48}},"3":{"start":{"line":7,"column":4},"end":{"line":7,"column":37}},"4":{"start":{"line":11,"column":0},"end":{"line":19,"column":3}},"5":{"start":{"line":12,"column":2},"end":{"line":18,"column":3}},"6":{"start":{"line":13,"column":19},"end":{"line":13,"column":42}},"7":{"start":{"line":15,"column":4},"end":{"line":15,"column":23}},"8":{"start":{"line":17,"column":4},"end":{"line":17,"column":16}},"9":{"start":{"line":23,"column":0},"end":{"line":30,"column":3}},"10":{"start":{"line":24,"column":2},"end":{"line":29,"column":3}},"11":{"start":{"line":25,"column":24},"end":{"line":25,"column":27}},"12":{"start":{"line":26,"column":4},"end":{"line":26,"column":22}},"13":{"start":{"line":28,"column":4},"end":{"line":28,"column":16}},"14":{"start":{"line":34,"column":0},"end":{"line":57,"column":3}},"15":{"start":{"line":35,"column":2},"end":{"line":56,"column":3}},"16":{"start":{"line":36,"column":25},"end":{"line":36,"column":35}},"17":{"start":{"line":38,"column":19},"end":{"line":42,"column":6}},"18":{"start":{"line":44,"column":4},"end":{"line":49,"column":5}},"19":{"start":{"line":45,"column":6},"end":{"line":48,"column":9}},"20":{"start":{"line":51,"column":21},"end":{"line":51,"column":65}},"21":{"start":{"line":53,"column":4},"end":{"line":53,"column":23}},"22":{"start":{"line":55,"column":4},"end":{"line":55,"column":16}},"23":{"start":{"line":61,"column":0},"end":{"line":91,"column":3}},"24":{"start":{"line":62,"column":2},"end":{"line":90,"column":3}},"25":{"start":{"line":63,"column":21},"end":{"line":63,"column":32}},"26":{"start":{"line":64,"column":34},"end":{"line":64,"column":42}},"27":{"start":{"line":66,"column":4},"end":{"line":68,"column":5}},"28":{"start":{"line":67,"column":6},"end":{"line":67,"column":79}},"29":{"start":{"line":70,"column":4},"end":{"line":74,"column":5}},"30":{"start":{"line":71,"column":6},"end":{"line":73,"column":70}},"31":{"start":{"line":76,"column":18},"end":{"line":80,"column":6}},"32":{"start":{"line":82,"column":28},"end":{"line":82,"column":75}},"33":{"start":{"line":84,"column":4},"end":{"line":84,"column":47}},"34":{"start":{"line":85,"column":4},"end":{"line":85,"column":53}},"35":{"start":{"line":87,"column":4},"end":{"line":87,"column":53}},"36":{"start":{"line":89,"column":4},"end":{"line":89,"column":16}},"37":{"start":{"line":95,"column":0},"end":{"line":128,"column":2}},"38":{"start":{"line":101,"column":4},"end":{"line":126,"column":5}},"39":{"start":{"line":102,"column":20},"end":{"line":102,"column":31}},"40":{"start":{"line":104,"column":36},"end":{"line":104,"column":44}},"41":{"start":{"line":106,"column":6},"end":{"line":110,"column":7}},"42":{"start":{"line":107,"column":8},"end":{"line":109,"column":61}},"43":{"start":{"line":112,"column":6},"end":{"line":116,"column":7}},"44":{"start":{"line":113,"column":8},"end":{"line":115,"column":72}},"45":{"start":{"line":118,"column":6},"end":{"line":121,"column":9}},"46":{"start":{"line":123,"column":6},"end":{"line":123,"column":24}},"47":{"start":{"line":125,"column":6},"end":{"line":125,"column":18}},"48":{"start":{"line":132,"column":0},"end":{"line":153,"column":2}},"49":{"start":{"line":138,"column":4},"end":{"line":151,"column":5}},"50":{"start":{"line":139,"column":22},"end":{"line":139,"column":33}},"51":{"start":{"line":141,"column":6},"end":{"line":141,"column":30}},"52":{"start":{"line":143,"column":30},"end":{"line":143,"column":77}},"53":{"start":{"line":145,"column":6},"end":{"line":145,"column":49}},"54":{"start":{"line":146,"column":6},"end":{"line":146,"column":55}},"55":{"start":{"line":148,"column":6},"end":{"line":148,"column":24}},"56":{"start":{"line":150,"column":6},"end":{"line":150,"column":18}},"57":{"start":{"line":156,"column":2},"end":{"line":160,"column":5}},"58":{"start":{"line":163,"column":2},"end":{"line":168,"column":3}},"59":{"start":{"line":164,"column":4},"end":{"line":167,"column":7}},"60":{"start":{"line":170,"column":2},"end":{"line":170,"column":9}},"61":{"start":{"line":174,"column":2},"end":{"line":177,"column":3}},"62":{"start":{"line":175,"column":4},"end":{"line":175,"column":20}},"63":{"start":{"line":176,"column":4},"end":{"line":176,"column":35}},"64":{"start":{"line":179,"column":2},"end":{"line":179,"column":9}},"65":{"start":{"line":183,"column":2},"end":{"line":186,"column":3}},"66":{"start":{"line":184,"column":4},"end":{"line":184,"column":20}},"67":{"start":{"line":185,"column":4},"end":{"line":185,"column":35}},"68":{"start":{"line":188,"column":2},"end":{"line":188,"column":9}},"69":{"start":{"line":191,"column":0},"end":{"line":191,"column":24}}},"fnMap":{"0":{"name":"(anonymous_0)","decl":{"start":{"line":11,"column":16},"end":{"line":11,"column":17}},"loc":{"start":{"line":11,"column":42},"end":{"line":19,"column":1}},"line":11},"1":{"name":"(anonymous_1)","decl":{"start":{"line":23,"column":38},"end":{"line":23,"column":39}},"loc":{"start":{"line":23,"column":64},"end":{"line":30,"column":1}},"line":23},"2":{"name":"(anonymous_2)","decl":{"start":{"line":34,"column":32},"end":{"line":34,"column":33}},"loc":{"start":{"line":34,"column":58},"end":{"line":57,"column":1}},"line":34},"3":{"name":"(anonymous_3)","decl":{"start":{"line":61,"column":37},"end":{"line":61,"column":38}},"loc":{"start":{"line":61,"column":63},"end":{"line":91,"column":1}},"line":61},"4":{"name":"(anonymous_4)","decl":{"start":{"line":100,"column":2},"end":{"line":100,"column":3}},"loc":{"start":{"line":100,"column":28},"end":{"line":127,"column":3}},"line":100},"5":{"name":"(anonymous_5)","decl":{"start":{"line":137,"column":2},"end":{"line":137,"column":3}},"loc":{"start":{"line":137,"column":28},"end":{"line":152,"column":3}},"line":137},"6":{"name":"setProduct","decl":{"start":{"line":155,"column":15},"end":{"line":155,"column":25}},"loc":{"start":{"line":155,"column":42},"end":{"line":171,"column":1}},"line":155},"7":{"name":"authUpdateProduct","decl":{"start":{"line":173,"column":9},"end":{"line":173,"column":26}},"loc":{"start":{"line":173,"column":43},"end":{"line":180,"column":1}},"line":173},"8":{"name":"authDeleteProduct","decl":{"start":{"line":182,"column":9},"end":{"line":182,"column":26}},"loc":{"start":{"line":182,"column":43},"end":{"line":189,"column":1}},"line":182}},"branchMap":{"0":{"loc":{"start":{"line":44,"column":4},"end":{"line":49,"column":5}},"type":"if","locations":[{"start":{"line":44,"column":4},"end":{"line":49,"column":5}},{"start":{"line":44,"column":4},"end":{"line":49,"column":5}}],"line":44},"1":{"loc":{"start":{"line":66,"column":4},"end":{"line":68,"column":5}},"type":"if","locations":[{"start":{"line":66,"column":4},"end":{"line":68,"column":5}},{"start":{"line":66,"column":4},"end":{"line":68,"column":5}}],"line":66},"2":{"loc":{"start":{"line":66,"column":8},"end":{"line":66,"column":29}},"type":"binary-expr","locations":[{"start":{"line":66,"column":8},"end":{"line":66,"column":20}},{"start":{"line":66,"column":24},"end":{"line":66,"column":29}}],"line":66},"3":{"loc":{"start":{"line":70,"column":4},"end":{"line":74,"column":5}},"type":"if","locations":[{"start":{"line":70,"column":4},"end":{"line":74,"column":5}},{"start":{"line":70,"column":4},"end":{"line":74,"column":5}}],"line":70},"4":{"loc":{"start":{"line":106,"column":6},"end":{"line":110,"column":7}},"type":"if","locations":[{"start":{"line":106,"column":6},"end":{"line":110,"column":7}},{"start":{"line":106,"column":6},"end":{"line":110,"column":7}}],"line":106},"5":{"loc":{"start":{"line":106,"column":10},"end":{"line":106,"column":31}},"type":"binary-expr","locations":[{"start":{"line":106,"column":10},"end":{"line":106,"column":22}},{"start":{"line":106,"column":26},"end":{"line":106,"column":31}}],"line":106},"6":{"loc":{"start":{"line":112,"column":6},"end":{"line":116,"column":7}},"type":"if","locations":[{"start":{"line":112,"column":6},"end":{"line":116,"column":7}},{"start":{"line":112,"column":6},"end":{"line":116,"column":7}}],"line":112},"7":{"loc":{"start":{"line":163,"column":2},"end":{"line":168,"column":3}},"type":"if","locations":[{"start":{"line":163,"column":2},"end":{"line":168,"column":3}},{"start":{"line":163,"column":2},"end":{"line":168,"column":3}}],"line":163},"8":{"loc":{"start":{"line":174,"column":2},"end":{"line":177,"column":3}},"type":"if","locations":[{"start":{"line":174,"column":2},"end":{"line":177,"column":3}},{"start":{"line":174,"column":2},"end":{"line":177,"column":3}}],"line":174},"9":{"loc":{"start":{"line":183,"column":2},"end":{"line":186,"column":3}},"type":"if","locations":[{"start":{"line":183,"column":2},"end":{"line":186,"column":3}},{"start":{"line":183,"column":2},"end":{"line":186,"column":3}}],"line":183}},"s":{"0":4,"1":4,"2":4,"3":4,"4":4,"5":4,"6":4,"7":4,"8":0,"9":4,"10":0,"11":0,"12":0,"13":0,"14":4,"15":0,"16":0,"17":0,"18":0,"19":0,"20":0,"21":0,"22":0,"23":4,"24":0,"25":0,"26":0,"27":0,"28":0,"29":0,"30":0,"31":0,"32":0,"33":0,"34":0,"35":0,"36":0,"37":4,"38":0,"39":0,"40":0,"41":0,"42":0,"43":0,"44":0,"45":0,"46":0,"47":0,"48":4,"49":0,"50":0,"51":0,"52":0,"53":0,"54":0,"55":0,"56":0,"57":0,"58":0,"59":0,"60":0,"61":0,"62":0,"63":0,"64":0,"65":0,"66":0,"67":0,"68":0,"69":4},"f":{"0":4,"1":0,"2":0,"3":0,"4":0,"5":0,"6":0,"7":0,"8":0},"b":{"0":[0,0],"1":[0,0],"2":[0,0],"3":[0,0],"4":[0,0],"5":[0,0],"6":[0,0],"7":[0,0],"8":[0,0],"9":[0,0]},"_coverageSchema":"1a1c01bbd47fc00a2c39e90264f33305004495a9","hash":"adc79d0328a50630920e83a07e1d0317d525c462"}
,"/home/eric/Documents/DEV PROJECTS/vending-machine/server/routes/api/roles.js": {"path":"/home/eric/Documents/DEV PROJECTS/vending-machine/server/routes/api/roles.js","statementMap":{"0":{"start":{"line":1,"column":15},"end":{"line":1,"column":42}},"1":{"start":{"line":2,"column":17},"end":{"line":2,"column":43}},"2":{"start":{"line":3,"column":21},"end":{"line":3,"column":48}},"3":{"start":{"line":6,"column":0},"end":{"line":14,"column":3}},"4":{"start":{"line":7,"column":2},"end":{"line":13,"column":3}},"5":{"start":{"line":8,"column":18},"end":{"line":8,"column":39}},"6":{"start":{"line":10,"column":4},"end":{"line":10,"column":20}},"7":{"start":{"line":12,"column":4},"end":{"line":12,"column":16}},"8":{"start":{"line":17,"column":0},"end":{"line":33,"column":3}},"9":{"start":{"line":18,"column":2},"end":{"line":32,"column":3}},"10":{"start":{"line":19,"column":21},"end":{"line":19,"column":29}},"11":{"start":{"line":21,"column":4},"end":{"line":23,"column":5}},"12":{"start":{"line":22,"column":6},"end":{"line":22,"column":65}},"13":{"start":{"line":25,"column":17},"end":{"line":27,"column":6}},"14":{"start":{"line":29,"column":4},"end":{"line":29,"column":19}},"15":{"start":{"line":31,"column":4},"end":{"line":31,"column":16}},"16":{"start":{"line":35,"column":0},"end":{"line":35,"column":24}}},"fnMap":{"0":{"name":"(anonymous_0)","decl":{"start":{"line":6,"column":16},"end":{"line":6,"column":17}},"loc":{"start":{"line":6,"column":42},"end":{"line":14,"column":1}},"line":6},"1":{"name":"(anonymous_1)","decl":{"start":{"line":17,"column":36},"end":{"line":17,"column":37}},"loc":{"start":{"line":17,"column":62},"end":{"line":33,"column":1}},"line":17}},"branchMap":{"0":{"loc":{"start":{"line":21,"column":4},"end":{"line":23,"column":5}},"type":"if","locations":[{"start":{"line":21,"column":4},"end":{"line":23,"column":5}},{"start":{"line":21,"column":4},"end":{"line":23,"column":5}}],"line":21}},"s":{"0":4,"1":4,"2":4,"3":4,"4":0,"5":0,"6":0,"7":0,"8":4,"9":0,"10":0,"11":0,"12":0,"13":0,"14":0,"15":0,"16":4},"f":{"0":0,"1":0},"b":{"0":[0,0]},"_coverageSchema":"1a1c01bbd47fc00a2c39e90264f33305004495a9","hash":"a3c7f243016f2643ec13eec8e136f532f18073ba"}
,"/home/eric/Documents/DEV PROJECTS/vending-machine/server/routes/api/users.js": {"path":"/home/eric/Documents/DEV PROJECTS/vending-machine/server/routes/api/users.js","statementMap":{"0":{"start":{"line":1,"column":15},"end":{"line":1,"column":42}},"1":{"start":{"line":2,"column":32},"end":{"line":2,"column":58}},"2":{"start":{"line":3,"column":15},"end":{"line":3,"column":35}},"3":{"start":{"line":4,"column":21},"end":{"line":4,"column":48}},"4":{"start":{"line":7,"column":0},"end":{"line":27,"column":3}},"5":{"start":{"line":8,"column":2},"end":{"line":26,"column":3}},"6":{"start":{"line":9,"column":25},"end":{"line":9,"column":35}},"7":{"start":{"line":11,"column":17},"end":{"line":17,"column":6}},"8":{"start":{"line":19,"column":4},"end":{"line":21,"column":5}},"9":{"start":{"line":20,"column":6},"end":{"line":20,"column":73}},"10":{"start":{"line":23,"column":4},"end":{"line":23,"column":19}},"11":{"start":{"line":25,"column":4},"end":{"line":25,"column":16}},"12":{"start":{"line":30,"column":0},"end":{"line":46,"column":3}},"13":{"start":{"line":31,"column":2},"end":{"line":45,"column":3}},"14":{"start":{"line":32,"column":18},"end":{"line":32,"column":38}},"15":{"start":{"line":34,"column":4},"end":{"line":34,"column":59}},"16":{"start":{"line":34,"column":26},"end":{"line":34,"column":59}},"17":{"start":{"line":36,"column":4},"end":{"line":40,"column":5}},"18":{"start":{"line":37,"column":21},"end":{"line":37,"column":32}},"19":{"start":{"line":38,"column":19},"end":{"line":38,"column":49}},"20":{"start":{"line":39,"column":6},"end":{"line":39,"column":34}},"21":{"start":{"line":42,"column":4},"end":{"line":42,"column":20}},"22":{"start":{"line":44,"column":4},"end":{"line":44,"column":16}},"23":{"start":{"line":49,"column":0},"end":{"line":62,"column":3}},"24":{"start":{"line":50,"column":2},"end":{"line":61,"column":3}},"25":{"start":{"line":51,"column":17},"end":{"line":51,"column":25}},"26":{"start":{"line":53,"column":23},"end":{"line":53,"column":31}},"27":{"start":{"line":54,"column":22},"end":{"line":54,"column":43}},"28":{"start":{"line":56,"column":4},"end":{"line":56,"column":40}},"29":{"start":{"line":58,"column":4},"end":{"line":58,"column":19}},"30":{"start":{"line":60,"column":4},"end":{"line":60,"column":16}},"31":{"start":{"line":65,"column":0},"end":{"line":83,"column":3}},"32":{"start":{"line":66,"column":2},"end":{"line":82,"column":3}},"33":{"start":{"line":67,"column":17},"end":{"line":67,"column":25}},"34":{"start":{"line":69,"column":26},"end":{"line":72,"column":5}},"35":{"start":{"line":74,"column":4},"end":{"line":74,"column":32}},"36":{"start":{"line":76,"column":4},"end":{"line":79,"column":7}},"37":{"start":{"line":81,"column":4},"end":{"line":81,"column":16}},"38":{"start":{"line":86,"column":0},"end":{"line":152,"column":3}},"39":{"start":{"line":87,"column":2},"end":{"line":151,"column":3}},"40":{"start":{"line":88,"column":17},"end":{"line":88,"column":25}},"41":{"start":{"line":90,"column":21},"end":{"line":90,"column":22}},"42":{"start":{"line":91,"column":19},"end":{"line":91,"column":20}},"43":{"start":{"line":92,"column":25},"end":{"line":92,"column":27}},"44":{"start":{"line":94,"column":36},"end":{"line":94,"column":44}},"45":{"start":{"line":96,"column":20},"end":{"line":100,"column":6}},"46":{"start":{"line":102,"column":4},"end":{"line":102,"column":73}},"47":{"start":{"line":102,"column":18},"end":{"line":102,"column":73}},"48":{"start":{"line":104,"column":28},"end":{"line":109,"column":6}},"49":{"start":{"line":111,"column":4},"end":{"line":114,"column":8}},"50":{"start":{"line":112,"column":6},"end":{"line":114,"column":8}},"51":{"start":{"line":116,"column":21},"end":{"line":116,"column":28}},"52":{"start":{"line":118,"column":4},"end":{"line":118,"column":33}},"53":{"start":{"line":119,"column":4},"end":{"line":119,"column":41}},"54":{"start":{"line":121,"column":4},"end":{"line":122,"column":80}},"55":{"start":{"line":122,"column":6},"end":{"line":122,"column":80}},"56":{"start":{"line":124,"column":4},"end":{"line":132,"column":5}},"57":{"start":{"line":124,"column":17},"end":{"line":124,"column":18}},"58":{"start":{"line":125,"column":6},"end":{"line":129,"column":9}},"59":{"start":{"line":130,"column":6},"end":{"line":130,"column":60}},"60":{"start":{"line":131,"column":6},"end":{"line":131,"column":33}},"61":{"start":{"line":135,"column":4},"end":{"line":137,"column":5}},"62":{"start":{"line":135,"column":17},"end":{"line":135,"column":18}},"63":{"start":{"line":136,"column":6},"end":{"line":136,"column":60}},"64":{"start":{"line":139,"column":26},"end":{"line":139,"column":76}},"65":{"start":{"line":141,"column":4},"end":{"line":141,"column":32}},"66":{"start":{"line":143,"column":4},"end":{"line":148,"column":7}},"67":{"start":{"line":150,"column":4},"end":{"line":150,"column":16}},"68":{"start":{"line":154,"column":0},"end":{"line":154,"column":24}}},"fnMap":{"0":{"name":"(anonymous_0)","decl":{"start":{"line":7,"column":25},"end":{"line":7,"column":26}},"loc":{"start":{"line":7,"column":51},"end":{"line":27,"column":1}},"line":7},"1":{"name":"(anonymous_1)","decl":{"start":{"line":30,"column":16},"end":{"line":30,"column":17}},"loc":{"start":{"line":30,"column":42},"end":{"line":46,"column":1}},"line":30},"2":{"name":"(anonymous_2)","decl":{"start":{"line":49,"column":43},"end":{"line":49,"column":44}},"loc":{"start":{"line":49,"column":69},"end":{"line":62,"column":1}},"line":49},"3":{"name":"(anonymous_3)","decl":{"start":{"line":65,"column":41},"end":{"line":65,"column":42}},"loc":{"start":{"line":65,"column":67},"end":{"line":83,"column":1}},"line":65},"4":{"name":"(anonymous_4)","decl":{"start":{"line":86,"column":39},"end":{"line":86,"column":40}},"loc":{"start":{"line":86,"column":65},"end":{"line":152,"column":1}},"line":86}},"branchMap":{"0":{"loc":{"start":{"line":19,"column":4},"end":{"line":21,"column":5}},"type":"if","locations":[{"start":{"line":19,"column":4},"end":{"line":21,"column":5}},{"start":{"line":19,"column":4},"end":{"line":21,"column":5}}],"line":19},"1":{"loc":{"start":{"line":34,"column":4},"end":{"line":34,"column":59}},"type":"if","locations":[{"start":{"line":34,"column":4},"end":{"line":34,"column":59}},{"start":{"line":34,"column":4},"end":{"line":34,"column":59}}],"line":34},"2":{"loc":{"start":{"line":102,"column":4},"end":{"line":102,"column":73}},"type":"if","locations":[{"start":{"line":102,"column":4},"end":{"line":102,"column":73}},{"start":{"line":102,"column":4},"end":{"line":102,"column":73}}],"line":102},"3":{"loc":{"start":{"line":111,"column":4},"end":{"line":114,"column":8}},"type":"if","locations":[{"start":{"line":111,"column":4},"end":{"line":114,"column":8}},{"start":{"line":111,"column":4},"end":{"line":114,"column":8}}],"line":111},"4":{"loc":{"start":{"line":121,"column":4},"end":{"line":122,"column":80}},"type":"if","locations":[{"start":{"line":121,"column":4},"end":{"line":122,"column":80}},{"start":{"line":121,"column":4},"end":{"line":122,"column":80}}],"line":121}},"s":{"0":4,"1":4,"2":4,"3":4,"4":4,"5":0,"6":0,"7":0,"8":0,"9":0,"10":0,"11":0,"12":4,"13":0,"14":0,"15":0,"16":0,"17":0,"18":0,"19":0,"20":0,"21":0,"22":0,"23":4,"24":0,"25":0,"26":0,"27":0,"28":0,"29":0,"30":0,"31":4,"32":0,"33":0,"34":0,"35":0,"36":0,"37":0,"38":4,"39":0,"40":0,"41":0,"42":0,"43":0,"44":0,"45":0,"46":0,"47":0,"48":0,"49":0,"50":0,"51":0,"52":0,"53":0,"54":0,"55":0,"56":0,"57":0,"58":0,"59":0,"60":0,"61":0,"62":0,"63":0,"64":0,"65":0,"66":0,"67":0,"68":4},"f":{"0":0,"1":0,"2":0,"3":0,"4":0},"b":{"0":[0,0],"1":[0,0],"2":[0,0],"3":[0,0],"4":[0,0]},"_coverageSchema":"1a1c01bbd47fc00a2c39e90264f33305004495a9","hash":"ccf6829846d77b981badb9bb1c7cda6b333777d7"}
,"/home/eric/Documents/DEV PROJECTS/vending-machine/server/routes/auth/index.js": {"path":"/home/eric/Documents/DEV PROJECTS/vending-machine/server/routes/auth/index.js","statementMap":{"0":{"start":{"line":1,"column":0},"end":{"line":1,"column":27}},"1":{"start":{"line":3,"column":15},"end":{"line":3,"column":42}},"2":{"start":{"line":4,"column":23},"end":{"line":4,"column":49}},"3":{"start":{"line":5,"column":12},"end":{"line":5,"column":35}},"4":{"start":{"line":7,"column":0},"end":{"line":50,"column":3}},"5":{"start":{"line":8,"column":2},"end":{"line":49,"column":3}},"6":{"start":{"line":10,"column":43},"end":{"line":10,"column":51}},"7":{"start":{"line":12,"column":4},"end":{"line":14,"column":5}},"8":{"start":{"line":13,"column":6},"end":{"line":13,"column":79}},"9":{"start":{"line":16,"column":4},"end":{"line":20,"column":5}},"10":{"start":{"line":17,"column":6},"end":{"line":19,"column":67}},"11":{"start":{"line":22,"column":17},"end":{"line":22,"column":44}},"12":{"start":{"line":24,"column":18},"end":{"line":28,"column":5}},"13":{"start":{"line":30,"column":4},"end":{"line":37,"column":5}},"14":{"start":{"line":31,"column":6},"end":{"line":36,"column":9}},"15":{"start":{"line":39,"column":17},"end":{"line":39,"column":47}},"16":{"start":{"line":40,"column":4},"end":{"line":40,"column":32}},"17":{"start":{"line":42,"column":4},"end":{"line":42,"column":44}},"18":{"start":{"line":44,"column":4},"end":{"line":48,"column":23}},"19":{"start":{"line":45,"column":6},"end":{"line":45,"column":67}},"20":{"start":{"line":46,"column":11},"end":{"line":48,"column":23}},"21":{"start":{"line":47,"column":6},"end":{"line":47,"column":65}},"22":{"start":{"line":48,"column":11},"end":{"line":48,"column":23}},"23":{"start":{"line":52,"column":0},"end":{"line":92,"column":3}},"24":{"start":{"line":53,"column":2},"end":{"line":91,"column":3}},"25":{"start":{"line":55,"column":35},"end":{"line":55,"column":43}},"26":{"start":{"line":56,"column":4},"end":{"line":57,"column":79}},"27":{"start":{"line":57,"column":6},"end":{"line":57,"column":79}},"28":{"start":{"line":59,"column":17},"end":{"line":63,"column":6}},"29":{"start":{"line":65,"column":4},"end":{"line":88,"column":5}},"30":{"start":{"line":66,"column":6},"end":{"line":66,"column":72}},"31":{"start":{"line":67,"column":6},"end":{"line":67,"column":72}},"32":{"start":{"line":68,"column":11},"end":{"line":88,"column":5}},"33":{"start":{"line":69,"column":6},"end":{"line":69,"column":63}},"34":{"start":{"line":70,"column":6},"end":{"line":70,"column":72}},"35":{"start":{"line":72,"column":20},"end":{"line":76,"column":7}},"36":{"start":{"line":78,"column":6},"end":{"line":85,"column":7}},"37":{"start":{"line":79,"column":8},"end":{"line":84,"column":11}},"38":{"start":{"line":87,"column":6},"end":{"line":87,"column":46}},"39":{"start":{"line":90,"column":4},"end":{"line":90,"column":16}},"40":{"start":{"line":95,"column":0},"end":{"line":97,"column":3}},"41":{"start":{"line":96,"column":2},"end":{"line":96,"column":50}},"42":{"start":{"line":100,"column":0},"end":{"line":106,"column":3}},"43":{"start":{"line":101,"column":2},"end":{"line":105,"column":3}},"44":{"start":{"line":102,"column":4},"end":{"line":102,"column":30}},"45":{"start":{"line":104,"column":4},"end":{"line":104,"column":63}},"46":{"start":{"line":109,"column":0},"end":{"line":117,"column":3}},"47":{"start":{"line":110,"column":2},"end":{"line":116,"column":3}},"48":{"start":{"line":111,"column":18},"end":{"line":111,"column":39}},"49":{"start":{"line":113,"column":4},"end":{"line":113,"column":20}},"50":{"start":{"line":115,"column":4},"end":{"line":115,"column":16}},"51":{"start":{"line":119,"column":0},"end":{"line":119,"column":24}}},"fnMap":{"0":{"name":"(anonymous_0)","decl":{"start":{"line":7,"column":25},"end":{"line":7,"column":26}},"loc":{"start":{"line":7,"column":51},"end":{"line":50,"column":1}},"line":7},"1":{"name":"(anonymous_1)","decl":{"start":{"line":52,"column":22},"end":{"line":52,"column":23}},"loc":{"start":{"line":52,"column":48},"end":{"line":92,"column":1}},"line":52},"2":{"name":"(anonymous_2)","decl":{"start":{"line":95,"column":25},"end":{"line":95,"column":26}},"loc":{"start":{"line":95,"column":45},"end":{"line":97,"column":1}},"line":95},"3":{"name":"(anonymous_3)","decl":{"start":{"line":100,"column":20},"end":{"line":100,"column":21}},"loc":{"start":{"line":100,"column":40},"end":{"line":106,"column":1}},"line":100},"4":{"name":"(anonymous_4)","decl":{"start":{"line":109,"column":21},"end":{"line":109,"column":22}},"loc":{"start":{"line":109,"column":47},"end":{"line":117,"column":1}},"line":109}},"branchMap":{"0":{"loc":{"start":{"line":12,"column":4},"end":{"line":14,"column":5}},"type":"if","locations":[{"start":{"line":12,"column":4},"end":{"line":14,"column":5}},{"start":{"line":12,"column":4},"end":{"line":14,"column":5}}],"line":12},"1":{"loc":{"start":{"line":12,"column":8},"end":{"line":12,"column":30}},"type":"binary-expr","locations":[{"start":{"line":12,"column":8},"end":{"line":12,"column":17}},{"start":{"line":12,"column":21},"end":{"line":12,"column":30}}],"line":12},"2":{"loc":{"start":{"line":16,"column":4},"end":{"line":20,"column":5}},"type":"if","locations":[{"start":{"line":16,"column":4},"end":{"line":20,"column":5}},{"start":{"line":16,"column":4},"end":{"line":20,"column":5}}],"line":16},"3":{"loc":{"start":{"line":30,"column":4},"end":{"line":37,"column":5}},"type":"if","locations":[{"start":{"line":30,"column":4},"end":{"line":37,"column":5}},{"start":{"line":30,"column":4},"end":{"line":37,"column":5}}],"line":30},"4":{"loc":{"start":{"line":30,"column":8},"end":{"line":30,"column":42}},"type":"binary-expr","locations":[{"start":{"line":30,"column":8},"end":{"line":30,"column":20}},{"start":{"line":30,"column":24},"end":{"line":30,"column":42}}],"line":30},"5":{"loc":{"start":{"line":44,"column":4},"end":{"line":48,"column":23}},"type":"if","locations":[{"start":{"line":44,"column":4},"end":{"line":48,"column":23}},{"start":{"line":44,"column":4},"end":{"line":48,"column":23}}],"line":44},"6":{"loc":{"start":{"line":46,"column":11},"end":{"line":48,"column":23}},"type":"if","locations":[{"start":{"line":46,"column":11},"end":{"line":48,"column":23}},{"start":{"line":46,"column":11},"end":{"line":48,"column":23}}],"line":46},"7":{"loc":{"start":{"line":56,"column":4},"end":{"line":57,"column":79}},"type":"if","locations":[{"start":{"line":56,"column":4},"end":{"line":57,"column":79}},{"start":{"line":56,"column":4},"end":{"line":57,"column":79}}],"line":56},"8":{"loc":{"start":{"line":56,"column":8},"end":{"line":56,"column":30}},"type":"binary-expr","locations":[{"start":{"line":56,"column":8},"end":{"line":56,"column":17}},{"start":{"line":56,"column":21},"end":{"line":56,"column":30}}],"line":56},"9":{"loc":{"start":{"line":65,"column":4},"end":{"line":88,"column":5}},"type":"if","locations":[{"start":{"line":65,"column":4},"end":{"line":88,"column":5}},{"start":{"line":65,"column":4},"end":{"line":88,"column":5}}],"line":65},"10":{"loc":{"start":{"line":68,"column":11},"end":{"line":88,"column":5}},"type":"if","locations":[{"start":{"line":68,"column":11},"end":{"line":88,"column":5}},{"start":{"line":68,"column":11},"end":{"line":88,"column":5}}],"line":68},"11":{"loc":{"start":{"line":78,"column":6},"end":{"line":85,"column":7}},"type":"if","locations":[{"start":{"line":78,"column":6},"end":{"line":85,"column":7}},{"start":{"line":78,"column":6},"end":{"line":85,"column":7}}],"line":78},"12":{"loc":{"start":{"line":78,"column":10},"end":{"line":78,"column":44}},"type":"binary-expr","locations":[{"start":{"line":78,"column":10},"end":{"line":78,"column":22}},{"start":{"line":78,"column":26},"end":{"line":78,"column":44}}],"line":78},"13":{"loc":{"start":{"line":101,"column":2},"end":{"line":105,"column":3}},"type":"if","locations":[{"start":{"line":101,"column":2},"end":{"line":105,"column":3}},{"start":{"line":101,"column":2},"end":{"line":105,"column":3}}],"line":101}},"s":{"0":4,"1":4,"2":4,"3":4,"4":4,"5":1,"6":1,"7":1,"8":0,"9":1,"10":0,"11":1,"12":0,"13":0,"14":0,"15":0,"16":0,"17":0,"18":1,"19":1,"20":0,"21":0,"22":0,"23":4,"24":2,"25":2,"26":2,"27":0,"28":2,"29":2,"30":0,"31":0,"32":2,"33":0,"34":0,"35":2,"36":2,"37":2,"38":2,"39":0,"40":4,"41":0,"42":4,"43":0,"44":0,"45":0,"46":4,"47":0,"48":0,"49":0,"50":0,"51":4},"f":{"0":1,"1":2,"2":0,"3":0,"4":0},"b":{"0":[0,1],"1":[1,1],"2":[0,1],"3":[0,0],"4":[0,0],"5":[1,0],"6":[0,0],"7":[0,2],"8":[2,2],"9":[0,2],"10":[0,2],"11":[2,0],"12":[2,2],"13":[0,0]},"_coverageSchema":"1a1c01bbd47fc00a2c39e90264f33305004495a9","hash":"f7583868b70aff4459d825e5169fdef20e1bb8d6"}
,"/home/eric/Documents/DEV PROJECTS/vending-machine/server/routes/permissions/product.js": {"path":"/home/eric/Documents/DEV PROJECTS/vending-machine/server/routes/permissions/product.js","statementMap":{"0":{"start":{"line":2,"column":2},"end":{"line":2,"column":38}},"1":{"start":{"line":6,"column":2},"end":{"line":6,"column":38}},"2":{"start":{"line":10,"column":2},"end":{"line":10,"column":38}},"3":{"start":{"line":13,"column":0},"end":{"line":17,"column":2}}},"fnMap":{"0":{"name":"canViewProduct","decl":{"start":{"line":1,"column":9},"end":{"line":1,"column":23}},"loc":{"start":{"line":1,"column":39},"end":{"line":3,"column":1}},"line":1},"1":{"name":"canUpdateProduct","decl":{"start":{"line":5,"column":9},"end":{"line":5,"column":25}},"loc":{"start":{"line":5,"column":41},"end":{"line":7,"column":1}},"line":5},"2":{"name":"canDeleteProduct","decl":{"start":{"line":9,"column":9},"end":{"line":9,"column":25}},"loc":{"start":{"line":9,"column":41},"end":{"line":11,"column":1}},"line":9}},"branchMap":{},"s":{"0":0,"1":0,"2":0,"3":4},"f":{"0":0,"1":0,"2":0},"b":{},"_coverageSchema":"1a1c01bbd47fc00a2c39e90264f33305004495a9","hash":"1e5516786cfa63d014fb368cbc8c43565b62324d"}
}
