TN:
SF:app.js
FN:28,(anonymous_0)
FN:48,(anonymous_1)
FN:52,(anonymous_2)
FN:58,(anonymous_3)
FN:74,(anonymous_4)
FN:79,(anonymous_5)
FNF:6
FNH:5
FNDA:10,(anonymous_0)
FNDA:10,(anonymous_1)
FNDA:4,(anonymous_2)
FNDA:4,(anonymous_3)
FNDA:0,(anonymous_4)
FNDA:1,(anonymous_5)
DA:1,4
DA:2,4
DA:3,4
DA:4,4
DA:5,4
DA:6,4
DA:7,4
DA:8,4
DA:9,4
DA:10,4
DA:13,4
DA:15,4
DA:17,4
DA:19,4
DA:21,4
DA:22,4
DA:23,4
DA:24,4
DA:25,4
DA:28,4
DA:29,10
DA:40,10
DA:41,0
DA:44,10
DA:48,4
DA:49,10
DA:51,10
DA:52,4
DA:53,4
DA:54,0
DA:56,4
DA:59,4
DA:60,4
DA:64,6
DA:70,4
DA:71,4
DA:74,4
DA:75,0
DA:79,4
DA:82,1
DA:83,1
DA:86,1
DA:87,1
DA:90,4
LF:44
LH:41
BRDA:40,0,0,0
BRDA:40,0,1,10
BRDA:51,1,0,4
BRDA:51,1,1,6
BRDA:53,2,0,0
BRDA:53,2,1,4
BRDA:83,3,0,0
BRDA:83,3,1,1
BRDA:86,4,0,1
BRDA:86,4,1,0
BRF:10
BRH:6
end_of_record
TN:
SF:authHelper.js
FN:3,authUser
FN:12,authRole
FN:13,(anonymous_2)
FNF:3
FNH:2
FNDA:7,authUser
FNDA:28,authRole
FNDA:0,(anonymous_2)
DA:1,4
DA:4,7
DA:5,3
DA:6,3
DA:9,4
DA:13,28
DA:14,0
DA:15,0
DA:16,0
DA:19,0
DA:23,4
LF:11
LH:7
BRDA:4,0,0,3
BRDA:4,0,1,4
BRDA:14,1,0,0
BRDA:14,1,1,0
BRF:4
BRH:2
end_of_record
TN:
SF:db/db.js
FNF:0
FNH:0
DA:1,4
DA:3,4
DA:5,4
DA:12,4
LF:4
LH:4
BRDA:6,0,0,4
BRDA:6,0,1,0
BRF:2
BRH:1
end_of_record
TN:
SF:db/index.js
FNF:0
FNH:0
DA:1,4
DA:3,4
DA:5,4
LF:3
LH:3
BRF:0
BRH:0
end_of_record
TN:
SF:db/models/index.js
FNF:0
FNH:0
DA:1,4
DA:2,4
DA:3,4
DA:6,4
DA:7,4
DA:9,4
LF:6
LH:6
BRF:0
BRH:0
end_of_record
TN:
SF:db/models/product.js
FN:21,(anonymous_0)
FN:27,(anonymous_1)
FN:39,(anonymous_2)
FN:47,(anonymous_3)
FNF:4
FNH:0
FNDA:0,(anonymous_0)
FNDA:0,(anonymous_1)
FNDA:0,(anonymous_2)
FNDA:0,(anonymous_3)
DA:1,4
DA:2,4
DA:3,4
DA:5,4
DA:22,0
DA:27,4
DA:28,0
DA:36,0
DA:39,4
DA:40,0
DA:47,4
DA:48,0
DA:49,0
DA:53,4
LF:14
LH:8
BRF:0
BRH:0
end_of_record
TN:
SF:db/models/role.js
FN:13,(anonymous_0)
FN:25,(anonymous_1)
FNF:2
FNH:0
FNDA:0,(anonymous_0)
FNDA:0,(anonymous_1)
DA:1,4
DA:2,4
DA:3,4
DA:5,4
DA:13,4
DA:14,0
DA:22,0
DA:25,4
DA:27,4
LF:9
LH:7
BRF:0
BRH:0
end_of_record
TN:
SF:db/models/user.js
FN:17,(anonymous_0)
FN:18,(anonymous_1)
FN:24,(anonymous_2)
FN:38,(anonymous_3)
FN:39,(anonymous_4)
FN:44,(anonymous_5)
FN:48,(anonymous_6)
FN:49,(anonymous_7)
FN:56,(anonymous_8)
FN:60,(anonymous_9)
FN:68,(anonymous_10)
FN:77,(anonymous_11)
FNF:12
FNH:8
FNDA:3,(anonymous_0)
FNDA:3,(anonymous_1)
FNDA:0,(anonymous_2)
FNDA:3,(anonymous_3)
FNDA:3,(anonymous_4)
FNDA:2,(anonymous_5)
FNDA:0,(anonymous_6)
FNDA:0,(anonymous_7)
FNDA:1,(anonymous_8)
FNDA:3,(anonymous_9)
FNDA:1,(anonymous_10)
FNDA:0,(anonymous_11)
DA:1,4
DA:2,4
DA:3,4
DA:5,4
DA:18,3
DA:25,0
DA:39,3
DA:44,4
DA:45,2
DA:48,4
DA:49,0
DA:50,0
DA:51,0
DA:52,0
DA:56,4
DA:57,1
DA:60,4
DA:61,3
DA:68,4
DA:69,1
DA:70,1
DA:71,1
DA:75,4
DA:76,4
DA:77,4
DA:78,0
DA:81,4
LF:27
LH:21
BRDA:69,0,0,1
BRDA:69,0,1,0
BRF:2
BRH:1
end_of_record
TN:
SF:routes/api/index.js
FN:7,(anonymous_0)
FNF:1
FNH:0
FNDA:0,(anonymous_0)
DA:1,4
DA:3,4
DA:4,4
DA:5,4
DA:7,4
DA:8,0
DA:11,4
LF:7
LH:6
BRF:0
BRH:0
end_of_record
TN:
SF:routes/api/products.js
FN:11,(anonymous_0)
FN:23,(anonymous_1)
FN:34,(anonymous_2)
FN:61,(anonymous_3)
FN:100,(anonymous_4)
FN:137,(anonymous_5)
FN:155,setProduct
FN:173,authUpdateProduct
FN:182,authDeleteProduct
FNF:9
FNH:1
FNDA:4,(anonymous_0)
FNDA:0,(anonymous_1)
FNDA:0,(anonymous_2)
FNDA:0,(anonymous_3)
FNDA:0,(anonymous_4)
FNDA:0,(anonymous_5)
FNDA:0,setProduct
FNDA:0,authUpdateProduct
FNDA:0,authDeleteProduct
DA:1,4
DA:2,4
DA:3,4
DA:7,4
DA:11,4
DA:12,4
DA:13,4
DA:15,4
DA:17,0
DA:23,4
DA:24,0
DA:25,0
DA:26,0
DA:28,0
DA:34,4
DA:35,0
DA:36,0
DA:38,0
DA:44,0
DA:45,0
DA:51,0
DA:53,0
DA:55,0
DA:61,4
DA:62,0
DA:63,0
DA:64,0
DA:66,0
DA:67,0
DA:70,0
DA:71,0
DA:76,0
DA:82,0
DA:84,0
DA:85,0
DA:87,0
DA:89,0
DA:95,4
DA:101,0
DA:102,0
DA:104,0
DA:106,0
DA:107,0
DA:112,0
DA:113,0
DA:118,0
DA:123,0
DA:125,0
DA:132,4
DA:138,0
DA:139,0
DA:141,0
DA:143,0
DA:145,0
DA:146,0
DA:148,0
DA:150,0
DA:156,0
DA:163,0
DA:164,0
DA:170,0
DA:174,0
DA:175,0
DA:176,0
DA:179,0
DA:183,0
DA:184,0
DA:185,0
DA:188,0
DA:191,4
LF:70
LH:14
BRDA:44,0,0,0
BRDA:44,0,1,0
BRDA:66,1,0,0
BRDA:66,1,1,0
BRDA:66,2,0,0
BRDA:66,2,1,0
BRDA:70,3,0,0
BRDA:70,3,1,0
BRDA:106,4,0,0
BRDA:106,4,1,0
BRDA:106,5,0,0
BRDA:106,5,1,0
BRDA:112,6,0,0
BRDA:112,6,1,0
BRDA:163,7,0,0
BRDA:163,7,1,0
BRDA:174,8,0,0
BRDA:174,8,1,0
BRDA:183,9,0,0
BRDA:183,9,1,0
BRF:20
BRH:0
end_of_record
TN:
SF:routes/api/roles.js
FN:6,(anonymous_0)
FN:17,(anonymous_1)
FNF:2
FNH:0
FNDA:0,(anonymous_0)
FNDA:0,(anonymous_1)
DA:1,4
DA:2,4
DA:3,4
DA:6,4
DA:7,0
DA:8,0
DA:10,0
DA:12,0
DA:17,4
DA:18,0
DA:19,0
DA:21,0
DA:22,0
DA:25,0
DA:29,0
DA:31,0
DA:35,4
LF:17
LH:6
BRDA:21,0,0,0
BRDA:21,0,1,0
BRF:2
BRH:0
end_of_record
TN:
SF:routes/api/users.js
FN:7,(anonymous_0)
FN:30,(anonymous_1)
FN:49,(anonymous_2)
FN:65,(anonymous_3)
FN:86,(anonymous_4)
FNF:5
FNH:0
FNDA:0,(anonymous_0)
FNDA:0,(anonymous_1)
FNDA:0,(anonymous_2)
FNDA:0,(anonymous_3)
FNDA:0,(anonymous_4)
DA:1,4
DA:2,4
DA:3,4
DA:4,4
DA:7,4
DA:8,0
DA:9,0
DA:11,0
DA:19,0
DA:20,0
DA:23,0
DA:25,0
DA:30,4
DA:31,0
DA:32,0
DA:34,0
DA:36,0
DA:37,0
DA:38,0
DA:39,0
DA:42,0
DA:44,0
DA:49,4
DA:50,0
DA:51,0
DA:53,0
DA:54,0
DA:56,0
DA:58,0
DA:60,0
DA:65,4
DA:66,0
DA:67,0
DA:69,0
DA:74,0
DA:76,0
DA:81,0
DA:86,4
DA:87,0
DA:88,0
DA:90,0
DA:91,0
DA:92,0
DA:94,0
DA:96,0
DA:102,0
DA:104,0
DA:111,0
DA:112,0
DA:116,0
DA:118,0
DA:119,0
DA:121,0
DA:122,0
DA:124,0
DA:125,0
DA:130,0
DA:131,0
DA:135,0
DA:136,0
DA:139,0
DA:141,0
DA:143,0
DA:150,0
DA:154,4
LF:65
LH:10
BRDA:19,0,0,0
BRDA:19,0,1,0
BRDA:34,1,0,0
BRDA:34,1,1,0
BRDA:102,2,0,0
BRDA:102,2,1,0
BRDA:111,3,0,0
BRDA:111,3,1,0
BRDA:121,4,0,0
BRDA:121,4,1,0
BRF:10
BRH:0
end_of_record
TN:
SF:routes/auth/index.js
FN:7,(anonymous_0)
FN:52,(anonymous_1)
FN:95,(anonymous_2)
FN:100,(anonymous_3)
FN:109,(anonymous_4)
FNF:5
FNH:2
FNDA:1,(anonymous_0)
FNDA:2,(anonymous_1)
FNDA:0,(anonymous_2)
FNDA:0,(anonymous_3)
FNDA:0,(anonymous_4)
DA:1,4
DA:3,4
DA:4,4
DA:5,4
DA:7,4
DA:8,1
DA:10,1
DA:12,1
DA:13,0
DA:16,1
DA:17,0
DA:22,1
DA:24,0
DA:30,0
DA:31,0
DA:39,0
DA:40,0
DA:42,0
DA:44,1
DA:45,1
DA:46,0
DA:47,0
DA:48,0
DA:52,4
DA:53,2
DA:55,2
DA:56,2
DA:57,0
DA:59,2
DA:65,2
DA:66,0
DA:67,0
DA:68,2
DA:69,0
DA:70,0
DA:72,2
DA:78,2
DA:79,2
DA:87,2
DA:90,0
DA:95,4
DA:96,0
DA:100,4
DA:101,0
DA:102,0
DA:104,0
DA:109,4
DA:110,0
DA:111,0
DA:113,0
DA:115,0
DA:119,4
LF:52
LH:27
BRDA:12,0,0,0
BRDA:12,0,1,1
BRDA:12,1,0,1
BRDA:12,1,1,1
BRDA:16,2,0,0
BRDA:16,2,1,1
BRDA:30,3,0,0
BRDA:30,3,1,0
BRDA:30,4,0,0
BRDA:30,4,1,0
BRDA:44,5,0,1
BRDA:44,5,1,0
BRDA:46,6,0,0
BRDA:46,6,1,0
BRDA:56,7,0,0
BRDA:56,7,1,2
BRDA:56,8,0,2
BRDA:56,8,1,2
BRDA:65,9,0,0
BRDA:65,9,1,2
BRDA:68,10,0,0
BRDA:68,10,1,2
BRDA:78,11,0,2
BRDA:78,11,1,0
BRDA:78,12,0,2
BRDA:78,12,1,2
BRDA:101,13,0,0
BRDA:101,13,1,0
BRF:28
BRH:13
end_of_record
TN:
SF:routes/permissions/product.js
FN:1,canViewProduct
FN:5,canUpdateProduct
FN:9,canDeleteProduct
FNF:3
FNH:0
FNDA:0,canViewProduct
FNDA:0,canUpdateProduct
FNDA:0,canDeleteProduct
DA:2,0
DA:6,0
DA:10,0
DA:13,4
LF:4
LH:1
BRF:0
BRH:0
end_of_record
